<?xml version="1.0" encoding="UTF-8"?>
<testsuite xmlns:xsi="http://www.w3.org/2001/XMLSchema-instance" xsi:noNamespaceSchemaLocation="https://maven.apache.org/surefire/maven-surefire-plugin/xsd/surefire-test-report-3.0.xsd" version="3.0" name="com.wiley.assignment1.TestFactorial" time="0.235" tests="6" errors="0" skipped="0" failures="0">
  <properties>
[...]
</properties>
  <testcase name="testCalculateFactorialOfOne" classname="com.wiley.assignment1.TestFactorial" time="0.121"/>
  <testcase name="testCalculateFactorialOfTwo" classname="com.wiley.assignment1.TestFactorial" time="0.007"/>
  <testcase name="testCalculateFactorialOfEleven" classname="com.wiley.assignment1.TestFactorial" time="0.005"/>
  <testcase name="testCalculateFactorialOfFive" classname="com.wiley.assignment1.TestFactorial" time="0.006"/>
  <testcase name="testCalculateFactorialOfNegative" classname="com.wiley.assignment1.TestFactorial" time="0.006"/>
  <testcase name="testIsInputNumberValid" classname="com.wiley.assignment1.TestFactorial" time="0.006"/>
</testsuite>